<?xml version="1.0" encoding="UTF-8"?>
<!-- Generated by org.testng.reporters.JUnitReportReporter -->
<testsuite skipped="0" hostname="DESKTOP-GCHU49B" name="webdriver.LoginAndOperations" tests="1" failures="0" timestamp="17 Jun 2019 05:00:04 GMT" time="64.146" errors="0">
  <testcase name="Login" time="64.146" classname="webdriver.LoginAndOperations"/>
</testsuite> <!-- webdriver.LoginAndOperations -->
