<?xml version="1.0" encoding="UTF-8"?>
<!-- Generated by org.testng.reporters.JUnitReportReporter -->
<testsuite skipped="0" hostname="DESKTOP-GCHU49B" name="webdriver.CaptureScreenShot" tests="1" failures="0" timestamp="18 Mar 2019 15:26:51 GMT" time="49.423" errors="0">
  <testcase name="tc_1" time="49.423" classname="webdriver.CaptureScreenShot"/>
</testsuite> <!-- webdriver.CaptureScreenShot -->
