<?xml version="1.0" encoding="UTF-8"?>
<!-- Generated by org.testng.reporters.JUnitReportReporter -->
<testsuite skipped="0" hostname="DESKTOP-GCHU49B" name="ScreenshotDemo.ScreenshotDemo" tests="1" failures="0" timestamp="19 Mar 2019 05:56:24 GMT" time="27.187" errors="0">
  <testcase name="tc_1" time="27.187" classname="ScreenshotDemo.ScreenshotDemo"/>
</testsuite> <!-- ScreenshotDemo.ScreenshotDemo -->
