<?xml version="1.0" encoding="UTF-8"?>
<!-- Generated by org.testng.reporters.JUnitReportReporter -->
<testsuite skipped="0" hostname="DESKTOP-GCHU49B" name="webdriver.LoginToTheApplication" tests="1" failures="0" timestamp="05 Mar 2019 11:03:18 GMT" time="24.385" errors="0">
  <testcase name="Login" time="24.385" classname="webdriver.LoginToTheApplication"/>
</testsuite> <!-- webdriver.LoginToTheApplication -->
