<?xml version="1.0" encoding="UTF-8"?>
<!-- Generated by org.testng.reporters.JUnitReportReporter -->
<testsuite skipped="0" hostname="DESKTOP-GCHU49B" name="webdriver.MultipleWindows" tests="1" failures="0" timestamp="13 Jun 2019 14:40:30 GMT" time="23.850" errors="0">
  <testcase name="TestPopUp" time="23.850" classname="webdriver.MultipleWindows"/>
</testsuite> <!-- webdriver.MultipleWindows -->
